<?xml version="1.0" encoding="UTF-8"?>
<!-- Generated by org.testng.reporters.JUnitReportReporter -->
<testsuite hostname="Computer-PC" name="scripts.Sendmail" tests="1" failures="0" timestamp="10 Aug 2016 06:47:00 GMT" time="26.192" errors="0">
  <testcase name="Send_mail_successful" time="26.192" classname="scripts.Sendmail"/>
</testsuite> <!-- scripts.Sendmail -->
